2020-05-25 23:30:01,835 - mongo_saver - INFO - saving AAMC starts
2020-05-25 23:30:04,480 - mongo_saver - INFO - time used is 2.645068645477295
2020-05-25 23:30:04,481 - mongo_saver - INFO - saving AAMC successful
2020-05-25 23:30:04,481 - mongo_saver - INFO - saving AAU starts
2020-05-25 23:30:10,942 - mongo_saver - INFO - time used is 6.460949420928955
2020-05-25 23:30:10,942 - mongo_saver - INFO - saving AAU successful
2020-05-25 23:30:10,942 - mongo_saver - INFO - saving ACU starts
2020-05-25 23:30:18,382 - mongo_saver - INFO - time used is 7.439226388931274
2020-05-25 23:30:18,384 - mongo_saver - INFO - saving ACU successful
2020-05-25 23:30:18,384 - mongo_saver - INFO - saving ACY starts
2020-05-25 23:30:25,499 - mongo_saver - INFO - time used is 7.115824937820435
2020-05-25 23:30:25,499 - mongo_saver - INFO - saving ACY successful
2020-05-25 23:30:25,500 - mongo_saver - INFO - saving AEF starts
2020-05-25 23:30:30,912 - mongo_saver - INFO - time used is 5.411214113235474
2020-05-25 23:30:30,912 - mongo_saver - INFO - saving AEF successful
2020-05-25 23:30:30,912 - mongo_saver - INFO - saving AE starts
2020-05-25 23:30:38,579 - mongo_saver - INFO - time used is 7.666557788848877
2020-05-25 23:30:38,579 - mongo_saver - INFO - saving AE successful
2020-05-25 23:30:38,579 - mongo_saver - INFO - saving AGE starts
2020-05-25 23:30:39,207 - mongo_saver - INFO - time used is 0.6277003288269043
2020-05-25 23:30:39,209 - mongo_saver - INFO - saving AGE successful
2020-05-25 23:30:39,210 - mongo_saver - INFO - saving AIM starts
2020-05-25 23:30:47,064 - mongo_saver - INFO - time used is 7.854006290435791
2020-05-25 23:30:47,065 - mongo_saver - INFO - saving AIM successful
2020-05-25 23:30:47,066 - mongo_saver - INFO - saving AINC starts
2020-05-25 23:30:49,203 - mongo_saver - INFO - time used is 2.1372859477996826
2020-05-25 23:30:49,205 - mongo_saver - INFO - saving AINC successful
2020-05-25 23:30:49,206 - mongo_saver - INFO - saving AIRI starts
2020-05-25 23:30:51,962 - mongo_saver - INFO - time used is 2.755808115005493
2020-05-25 23:30:51,964 - mongo_saver - INFO - saving AIRI successful
2020-05-25 23:30:51,965 - mongo_saver - INFO - saving ALO starts
2020-05-25 23:30:56,862 - mongo_saver - INFO - time used is 4.897074937820435
2020-05-25 23:30:56,863 - mongo_saver - INFO - saving ALO successful
2020-05-25 23:30:56,864 - mongo_saver - INFO - saving AMBO starts
2020-05-25 23:30:57,624 - mongo_saver - INFO - time used is 0.7596373558044434
2020-05-25 23:30:57,626 - mongo_saver - INFO - saving AMBO successful
2020-05-25 23:30:57,627 - mongo_saver - INFO - saving AMPE starts
2020-05-25 23:31:01,361 - mongo_saver - INFO - time used is 3.7341833114624023
2020-05-25 23:31:01,362 - mongo_saver - INFO - saving AMPE successful
2020-05-25 23:31:01,363 - mongo_saver - INFO - saving AMS starts
2020-05-25 23:31:08,534 - mongo_saver - INFO - time used is 7.171294689178467
2020-05-25 23:31:08,534 - mongo_saver - INFO - saving AMS successful
2020-05-25 23:31:08,535 - mongo_saver - INFO - saving ANVS starts
2020-05-25 23:31:08,740 - mongo_saver - INFO - time used is 0.20490241050720215
2020-05-25 23:31:08,742 - mongo_saver - INFO - saving ANVS successful
2020-05-25 23:31:08,743 - mongo_saver - INFO - saving APT starts
2020-05-25 23:31:16,370 - mongo_saver - INFO - time used is 7.626696825027466
2020-05-25 23:31:16,371 - mongo_saver - INFO - saving APT successful
2020-05-25 23:31:16,372 - mongo_saver - INFO - saving ARMP starts
2020-05-25 23:31:18,367 - mongo_saver - INFO - time used is 1.9951486587524414
2020-05-25 23:31:18,369 - mongo_saver - INFO - saving ARMP successful
2020-05-25 23:31:18,370 - mongo_saver - INFO - saving ASM starts
2020-05-25 23:31:24,614 - mongo_saver - INFO - time used is 6.244426012039185
2020-05-25 23:31:24,615 - mongo_saver - INFO - saving ASM successful
2020-05-25 23:31:24,617 - mongo_saver - INFO - saving ATEST.A starts
2020-05-25 23:31:24,705 - mongo_saver - INFO - time used is 0.08912777900695801
2020-05-25 23:31:24,707 - mongo_saver - INFO - saving ATEST.A successful
2020-05-25 23:31:24,708 - mongo_saver - INFO - saving ATEST.B starts
2020-05-25 23:31:24,799 - mongo_saver - INFO - time used is 0.09095621109008789
2020-05-25 23:31:24,801 - mongo_saver - INFO - saving ATEST.B successful
2020-05-25 23:31:24,802 - mongo_saver - INFO - saving ATEST.C starts
2020-05-25 23:31:24,912 - mongo_saver - INFO - time used is 0.10994744300842285
2020-05-25 23:31:24,915 - mongo_saver - INFO - saving ATEST.C successful
2020-05-25 23:31:24,917 - mongo_saver - INFO - saving ATEST starts
2020-05-25 23:31:25,364 - mongo_saver - INFO - time used is 0.4471015930175781
2020-05-25 23:31:25,367 - mongo_saver - INFO - saving ATEST successful
2020-05-25 23:31:25,370 - mongo_saver - INFO - saving ATNM starts
2020-05-25 23:31:28,216 - mongo_saver - INFO - time used is 2.8450775146484375
2020-05-25 23:31:28,217 - mongo_saver - INFO - saving ATNM successful
2020-05-25 23:31:28,222 - mongo_saver - INFO - saving AUG starts
2020-05-25 23:31:29,406 - mongo_saver - INFO - time used is 1.1840002536773682
2020-05-25 23:31:29,408 - mongo_saver - INFO - saving AUG successful
2020-05-25 23:31:29,409 - mongo_saver - INFO - saving AUMN starts
2020-05-25 23:31:33,695 - mongo_saver - INFO - time used is 4.286749362945557
2020-05-25 23:31:33,697 - mongo_saver - INFO - saving AUMN successful
2020-05-25 23:31:33,698 - mongo_saver - INFO - saving AWX starts
2020-05-25 23:31:40,660 - mongo_saver - INFO - time used is 6.962155103683472
2020-05-25 23:31:40,661 - mongo_saver - INFO - saving AWX successful
2020-05-25 23:31:40,662 - mongo_saver - INFO - saving AXU starts
2020-05-25 23:31:46,040 - mongo_saver - INFO - time used is 5.377807140350342
2020-05-25 23:31:46,042 - mongo_saver - INFO - saving AXU successful
2020-05-25 23:31:46,043 - mongo_saver - INFO - saving BATL starts
2020-05-25 23:31:46,280 - mongo_saver - INFO - time used is 0.23688578605651855
2020-05-25 23:31:46,283 - mongo_saver - INFO - saving BATL successful
2020-05-25 23:31:46,283 - mongo_saver - INFO - saving BCV starts
2020-05-25 23:31:54,155 - mongo_saver - INFO - time used is 7.871428728103638
2020-05-25 23:31:54,158 - mongo_saver - INFO - saving BCV successful
2020-05-25 23:31:54,159 - mongo_saver - INFO - saving BDL starts
2020-05-25 23:32:01,033 - mongo_saver - INFO - time used is 6.873940706253052
2020-05-25 23:32:01,034 - mongo_saver - INFO - saving BDL successful
2020-05-25 23:32:01,035 - mongo_saver - INFO - saving BDR starts
2020-05-25 23:32:10,547 - mongo_saver - INFO - time used is 9.51226258277893
2020-05-25 23:32:10,548 - mongo_saver - INFO - saving BDR successful
2020-05-25 23:32:10,549 - mongo_saver - INFO - saving BGI starts
2020-05-25 23:32:15,979 - mongo_saver - INFO - time used is 5.429991245269775
2020-05-25 23:32:15,981 - mongo_saver - INFO - saving BGI successful
2020-05-25 23:32:15,982 - mongo_saver - INFO - saving BHB starts
2020-05-25 23:32:24,378 - mongo_saver - INFO - time used is 8.395997762680054
2020-05-25 23:32:24,380 - mongo_saver - INFO - saving BHB successful
2020-05-25 23:32:24,383 - mongo_saver - INFO - saving BIOX.WS starts
2020-05-25 23:32:24,786 - mongo_saver - INFO - time used is 0.4033374786376953
2020-05-25 23:32:24,788 - mongo_saver - INFO - saving BIOX.WS successful
2020-05-25 23:32:24,790 - mongo_saver - INFO - saving BIOX starts
2020-05-25 23:32:25,340 - mongo_saver - INFO - time used is 0.5497381687164307
2020-05-25 23:32:25,342 - mongo_saver - INFO - saving BIOX successful
2020-05-25 23:32:25,343 - mongo_saver - INFO - saving BKTI starts
2020-05-25 23:32:33,506 - mongo_saver - INFO - time used is 8.163259744644165
2020-05-25 23:32:33,506 - mongo_saver - INFO - saving BKTI successful
2020-05-25 23:32:33,507 - mongo_saver - INFO - saving BRBS starts
2020-05-25 23:32:34,586 - mongo_saver - INFO - time used is 1.0784564018249512
2020-05-25 23:32:34,588 - mongo_saver - INFO - saving BRBS successful
2020-05-25 23:32:34,590 - mongo_saver - INFO - saving BRG starts
2020-05-25 23:32:36,937 - mongo_saver - INFO - time used is 2.3475139141082764
2020-05-25 23:32:36,941 - mongo_saver - INFO - saving BRG successful
2020-05-25 23:32:36,942 - mongo_saver - INFO - saving BRMK.WS starts
2020-05-25 23:32:37,198 - mongo_saver - INFO - time used is 0.2558779716491699
2020-05-25 23:32:37,200 - mongo_saver - INFO - saving BRMK.WS successful
2020-05-25 23:32:37,202 - mongo_saver - INFO - saving BRN starts
2020-05-25 23:32:43,762 - mongo_saver - INFO - time used is 6.559650182723999
2020-05-25 23:32:43,763 - mongo_saver - INFO - saving BRN successful
2020-05-25 23:32:43,765 - mongo_saver - INFO - saving BTG starts
2020-05-25 23:32:48,169 - mongo_saver - INFO - time used is 4.404156923294067
2020-05-25 23:32:48,170 - mongo_saver - INFO - saving BTG successful
2020-05-25 23:32:48,171 - mongo_saver - INFO - saving BTN starts
2020-05-25 23:32:54,906 - mongo_saver - INFO - time used is 6.7348716259002686
2020-05-25 23:32:54,908 - mongo_saver - INFO - saving BTN successful
2020-05-25 23:32:54,909 - mongo_saver - INFO - saving BWL.A starts
2020-05-25 23:32:59,706 - mongo_saver - INFO - time used is 4.797065019607544
2020-05-25 23:32:59,707 - mongo_saver - INFO - saving BWL.A successful
2020-05-25 23:32:59,707 - mongo_saver - INFO - saving CANF starts
2020-05-25 23:33:02,552 - mongo_saver - INFO - time used is 2.845726728439331
2020-05-25 23:33:02,553 - mongo_saver - INFO - saving CANF successful
2020-05-25 23:33:02,553 - mongo_saver - INFO - saving CCF starts
2020-05-25 23:33:11,277 - mongo_saver - INFO - time used is 8.723397016525269
2020-05-25 23:33:11,277 - mongo_saver - INFO - saving CCF successful
2020-05-25 23:33:11,278 - mongo_saver - INFO - saving CDOR starts
2020-05-25 23:33:18,771 - mongo_saver - INFO - time used is 7.493554353713989
2020-05-25 23:33:18,771 - mongo_saver - INFO - saving CDOR successful
2020-05-25 23:33:18,771 - mongo_saver - INFO - saving CEI starts
2020-05-25 23:33:23,402 - mongo_saver - INFO - time used is 4.630471706390381
2020-05-25 23:33:23,402 - mongo_saver - INFO - saving CEI successful
2020-05-25 23:33:23,402 - mongo_saver - INFO - saving CET starts
2020-05-25 23:33:31,026 - mongo_saver - INFO - time used is 7.623928070068359
2020-05-25 23:33:31,026 - mongo_saver - INFO - saving CET successful
2020-05-25 23:33:31,027 - mongo_saver - INFO - saving CEV starts
2020-05-25 23:33:38,542 - mongo_saver - INFO - time used is 7.514980792999268
2020-05-25 23:33:38,542 - mongo_saver - INFO - saving CEV successful
2020-05-25 23:33:38,543 - mongo_saver - INFO - saving CHAQ.U starts
2020-05-25 23:33:38,664 - mongo_saver - INFO - time used is 0.12111592292785645
2020-05-25 23:33:38,665 - mongo_saver - INFO - saving CHAQ.U successful
2020-05-25 23:33:38,665 - mongo_saver - INFO - saving CIK starts
2020-05-25 23:33:46,397 - mongo_saver - INFO - time used is 7.732642889022827
2020-05-25 23:33:46,397 - mongo_saver - INFO - saving CIK successful
2020-05-25 23:33:46,398 - mongo_saver - INFO - saving CIX starts
2020-05-25 23:33:54,380 - mongo_saver - INFO - time used is 7.98135232925415
2020-05-25 23:33:54,381 - mongo_saver - INFO - saving CIX successful
2020-05-25 23:33:54,381 - mongo_saver - INFO - saving CKX starts
2020-05-25 23:33:58,884 - mongo_saver - INFO - time used is 4.503409385681152
2020-05-25 23:33:58,884 - mongo_saver - INFO - saving CKX successful
2020-05-25 23:33:58,885 - mongo_saver - INFO - saving CLM starts
2020-05-25 23:34:06,515 - mongo_saver - INFO - time used is 7.630187749862671
2020-05-25 23:34:06,516 - mongo_saver - INFO - saving CLM successful
2020-05-25 23:34:06,516 - mongo_saver - INFO - saving CMCL starts
2020-05-25 23:34:14,359 - mongo_saver - INFO - time used is 7.842752456665039
2020-05-25 23:34:14,359 - mongo_saver - INFO - saving CMCL successful
2020-05-25 23:34:14,360 - mongo_saver - INFO - saving CMT starts
2020-05-25 23:34:21,501 - mongo_saver - INFO - time used is 7.140629053115845
2020-05-25 23:34:21,502 - mongo_saver - INFO - saving CMT successful
2020-05-25 23:34:21,502 - mongo_saver - INFO - saving COHN starts
2020-05-25 23:34:22,419 - mongo_saver - INFO - time used is 0.9171698093414307
2020-05-25 23:34:22,419 - mongo_saver - INFO - saving COHN successful
2020-05-25 23:34:22,420 - mongo_saver - INFO - saving CPHI starts
2020-05-25 23:34:26,331 - mongo_saver - INFO - time used is 3.911271572113037
2020-05-25 23:34:26,331 - mongo_saver - INFO - saving CPHI successful
2020-05-25 23:34:26,331 - mongo_saver - INFO - saving CQP starts
2020-05-25 23:34:31,353 - mongo_saver - INFO - time used is 5.0220630168914795
2020-05-25 23:34:31,353 - mongo_saver - INFO - saving CQP successful
2020-05-25 23:34:31,354 - mongo_saver - INFO - saving CRF starts
2020-05-25 23:34:38,554 - mongo_saver - INFO - time used is 7.199819564819336
2020-05-25 23:34:38,554 - mongo_saver - INFO - saving CRF successful
2020-05-25 23:34:38,555 - mongo_saver - INFO - saving CRHM starts
2020-05-25 23:34:42,937 - mongo_saver - INFO - time used is 4.381451368331909
2020-05-25 23:34:42,937 - mongo_saver - INFO - saving CRHM successful
2020-05-25 23:34:42,937 - mongo_saver - INFO - saving CRMD starts
2020-05-25 23:34:46,564 - mongo_saver - INFO - time used is 3.626878261566162
2020-05-25 23:34:46,564 - mongo_saver - INFO - saving CRMD successful
2020-05-25 23:34:46,564 - mongo_saver - INFO - saving CTEK starts
2020-05-25 23:34:51,660 - mongo_saver - INFO - time used is 5.096071243286133
2020-05-25 23:34:51,661 - mongo_saver - INFO - saving CTEK successful
2020-05-25 23:34:51,661 - mongo_saver - INFO - saving CTO starts
2020-05-25 23:34:58,961 - mongo_saver - INFO - time used is 7.300045728683472
2020-05-25 23:34:58,961 - mongo_saver - INFO - saving CTO successful
2020-05-25 23:34:58,961 - mongo_saver - INFO - saving CVM starts
2020-05-25 23:35:06,634 - mongo_saver - INFO - time used is 7.672832012176514
2020-05-25 23:35:06,634 - mongo_saver - INFO - saving CVM successful
2020-05-25 23:35:06,635 - mongo_saver - INFO - saving CVR starts
2020-05-25 23:35:12,570 - mongo_saver - INFO - time used is 5.9350621700286865
2020-05-25 23:35:12,571 - mongo_saver - INFO - saving CVR successful
2020-05-25 23:35:12,571 - mongo_saver - INFO - saving CVU starts
2020-05-25 23:35:20,435 - mongo_saver - INFO - time used is 7.863728284835815
2020-05-25 23:35:20,435 - mongo_saver - INFO - saving CVU successful
2020-05-25 23:35:20,436 - mongo_saver - INFO - saving DHY starts
2020-05-25 23:35:28,019 - mongo_saver - INFO - time used is 7.5824971199035645
2020-05-25 23:35:28,020 - mongo_saver - INFO - saving DHY successful
2020-05-25 23:35:28,021 - mongo_saver - INFO - saving DIT starts
2020-05-25 23:35:33,276 - mongo_saver - INFO - time used is 5.255316734313965
2020-05-25 23:35:33,279 - mongo_saver - INFO - saving DIT successful
2020-05-25 23:35:33,280 - mongo_saver - INFO - saving DLA starts
2020-05-25 23:35:40,203 - mongo_saver - INFO - time used is 6.923386573791504
2020-05-25 23:35:40,203 - mongo_saver - INFO - saving DLA successful
2020-05-25 23:35:40,205 - mongo_saver - INFO - saving DMF starts
2020-05-25 23:35:47,479 - mongo_saver - INFO - time used is 7.273583650588989
2020-05-25 23:35:47,480 - mongo_saver - INFO - saving DMF successful
2020-05-25 23:35:47,482 - mongo_saver - INFO - saving DNN starts
2020-05-25 23:35:52,201 - mongo_saver - INFO - time used is 4.718303680419922
2020-05-25 23:35:52,202 - mongo_saver - INFO - saving DNN successful
2020-05-25 23:35:52,203 - mongo_saver - INFO - saving DPW starts
2020-05-25 23:35:59,133 - mongo_saver - INFO - time used is 6.929464817047119
2020-05-25 23:35:59,134 - mongo_saver - INFO - saving DPW successful
2020-05-25 23:35:59,136 - mongo_saver - INFO - saving DSS starts
2020-05-25 23:36:05,326 - mongo_saver - INFO - time used is 6.19018292427063
2020-05-25 23:36:05,327 - mongo_saver - INFO - saving DSS successful
2020-05-25 23:36:05,328 - mongo_saver - INFO - saving DXF starts
2020-05-25 23:36:08,506 - mongo_saver - INFO - time used is 3.177839517593384
2020-05-25 23:36:08,508 - mongo_saver - INFO - saving DXF successful
2020-05-25 23:36:08,509 - mongo_saver - INFO - saving DXR starts
2020-05-25 23:36:14,993 - mongo_saver - INFO - time used is 6.484224081039429
2020-05-25 23:36:14,996 - mongo_saver - INFO - saving DXR successful
2020-05-25 23:36:15,000 - mongo_saver - INFO - saving EAD starts
2020-05-25 23:36:21,506 - mongo_saver - INFO - time used is 6.505882978439331
2020-05-25 23:36:21,507 - mongo_saver - INFO - saving EAD successful
2020-05-25 23:36:21,509 - mongo_saver - INFO - saving ECF starts
2020-05-25 23:36:28,804 - mongo_saver - INFO - time used is 7.2948830127716064
2020-05-25 23:36:28,805 - mongo_saver - INFO - saving ECF successful
2020-05-25 23:36:28,806 - mongo_saver - INFO - saving EIM starts
2020-05-25 23:36:35,198 - mongo_saver - INFO - time used is 6.392757415771484
2020-05-25 23:36:35,199 - mongo_saver - INFO - saving EIM successful
2020-05-25 23:36:35,200 - mongo_saver - INFO - saving ELA starts
2020-05-25 23:36:41,692 - mongo_saver - INFO - time used is 6.49180793762207
2020-05-25 23:36:41,692 - mongo_saver - INFO - saving ELA successful
2020-05-25 23:36:41,694 - mongo_saver - INFO - saving ELLO starts
2020-05-25 23:36:47,305 - mongo_saver - INFO - time used is 5.611018896102905
2020-05-25 23:36:47,306 - mongo_saver - INFO - saving ELLO successful
2020-05-25 23:36:47,308 - mongo_saver - INFO - saving ELMD starts
2020-05-25 23:36:50,741 - mongo_saver - INFO - time used is 3.4330554008483887
2020-05-25 23:36:50,742 - mongo_saver - INFO - saving ELMD successful
2020-05-25 23:36:50,744 - mongo_saver - INFO - saving EMAN starts
2020-05-25 23:36:55,526 - mongo_saver - INFO - time used is 4.782100439071655
2020-05-25 23:36:55,527 - mongo_saver - INFO - saving EMAN successful
2020-05-25 23:36:55,529 - mongo_saver - INFO - saving EMX starts
2020-05-25 23:37:00,721 - mongo_saver - INFO - time used is 5.192008972167969
2020-05-25 23:37:00,722 - mongo_saver - INFO - saving EMX successful
2020-05-25 23:37:00,723 - mongo_saver - INFO - saving ENSV starts
2020-05-25 23:37:07,183 - mongo_saver - INFO - time used is 6.459718942642212
2020-05-25 23:37:07,183 - mongo_saver - INFO - saving ENSV successful
2020-05-25 23:37:07,185 - mongo_saver - INFO - saving ENX starts
2020-05-25 23:37:13,557 - mongo_saver - INFO - time used is 6.371887683868408
2020-05-25 23:37:13,557 - mongo_saver - INFO - saving ENX successful
2020-05-25 23:37:13,563 - mongo_saver - INFO - saving EPM starts
2020-05-25 23:37:20,109 - mongo_saver - INFO - time used is 6.54598331451416
2020-05-25 23:37:20,110 - mongo_saver - INFO - saving EPM successful
2020-05-25 23:37:20,112 - mongo_saver - INFO - saving EQX starts
2020-05-25 23:37:20,854 - mongo_saver - INFO - time used is 0.7421965599060059
2020-05-25 23:37:20,856 - mongo_saver - INFO - saving EQX successful
2020-05-25 23:37:20,858 - mongo_saver - INFO - saving ERC starts
2020-05-25 23:37:27,475 - mongo_saver - INFO - time used is 6.616796255111694
2020-05-25 23:37:27,475 - mongo_saver - INFO - saving ERC successful
2020-05-25 23:37:27,477 - mongo_saver - INFO - saving ERH starts
2020-05-25 23:37:33,294 - mongo_saver - INFO - time used is 5.816976547241211
2020-05-25 23:37:33,295 - mongo_saver - INFO - saving ERH successful
2020-05-25 23:37:33,296 - mongo_saver - INFO - saving ESP starts
2020-05-25 23:37:39,809 - mongo_saver - INFO - time used is 6.512835264205933
2020-05-25 23:37:39,810 - mongo_saver - INFO - saving ESP successful
2020-05-25 23:37:39,811 - mongo_saver - INFO - saving EVBN starts
2020-05-25 23:37:45,424 - mongo_saver - INFO - time used is 5.613097190856934
2020-05-25 23:37:45,424 - mongo_saver - INFO - saving EVBN successful
2020-05-25 23:37:45,426 - mongo_saver - INFO - saving EVI starts
2020-05-25 23:37:51,760 - mongo_saver - INFO - time used is 6.334639310836792
2020-05-25 23:37:51,761 - mongo_saver - INFO - saving EVI successful
2020-05-25 23:37:51,762 - mongo_saver - INFO - saving EVM starts
2020-05-25 23:37:58,145 - mongo_saver - INFO - time used is 6.383023500442505
2020-05-25 23:37:58,146 - mongo_saver - INFO - saving EVM successful
2020-05-25 23:37:58,147 - mongo_saver - INFO - saving EVV starts
2020-05-25 23:38:04,261 - mongo_saver - INFO - time used is 6.113948345184326
2020-05-25 23:38:04,262 - mongo_saver - INFO - saving EVV successful
2020-05-25 23:38:04,263 - mongo_saver - INFO - saving EVY starts
2020-05-25 23:38:11,602 - mongo_saver - INFO - time used is 7.3381853103637695
2020-05-25 23:38:11,602 - mongo_saver - INFO - saving EVY successful
2020-05-25 23:38:11,604 - mongo_saver - INFO - saving FAX starts
2020-05-25 23:38:18,917 - mongo_saver - INFO - time used is 7.313013553619385
2020-05-25 23:38:18,918 - mongo_saver - INFO - saving FAX successful
2020-05-25 23:38:18,920 - mongo_saver - INFO - saving FCO starts
2020-05-25 23:38:26,227 - mongo_saver - INFO - time used is 7.30787205696106
2020-05-25 23:38:26,228 - mongo_saver - INFO - saving FCO successful
2020-05-25 23:38:26,230 - mongo_saver - INFO - saving FEN starts
2020-05-25 23:38:32,311 - mongo_saver - INFO - time used is 6.079059839248657
2020-05-25 23:38:32,311 - mongo_saver - INFO - saving FEN successful
2020-05-25 23:38:32,313 - mongo_saver - INFO - saving FRD starts
2020-05-25 23:38:39,494 - mongo_saver - INFO - time used is 7.181925535202026
2020-05-25 23:38:39,495 - mongo_saver - INFO - saving FRD successful
2020-05-25 23:38:39,496 - mongo_saver - INFO - saving FSI starts
2020-05-25 23:38:46,192 - mongo_saver - INFO - time used is 6.6955955028533936
2020-05-25 23:38:46,192 - mongo_saver - INFO - saving FSI successful
2020-05-25 23:38:46,194 - mongo_saver - INFO - saving FSP starts
2020-05-25 23:38:51,564 - mongo_saver - INFO - time used is 5.3702380657196045
2020-05-25 23:38:51,565 - mongo_saver - INFO - saving FSP successful
2020-05-25 23:38:51,566 - mongo_saver - INFO - saving FTF starts
2020-05-25 23:38:57,757 - mongo_saver - INFO - time used is 6.1908605098724365
2020-05-25 23:38:57,758 - mongo_saver - INFO - saving FTF successful
2020-05-25 23:38:57,760 - mongo_saver - INFO - saving FTSI starts
2020-05-25 23:38:58,680 - mongo_saver - INFO - time used is 0.9194059371948242
2020-05-25 23:38:58,682 - mongo_saver - INFO - saving FTSI successful
2020-05-25 23:38:58,685 - mongo_saver - INFO - saving GAU starts
2020-05-25 23:39:03,400 - mongo_saver - INFO - time used is 4.7154541015625
2020-05-25 23:39:03,401 - mongo_saver - INFO - saving GAU successful
2020-05-25 23:39:03,402 - mongo_saver - INFO - saving GBR starts
2020-05-25 23:39:09,477 - mongo_saver - INFO - time used is 6.074751853942871
2020-05-25 23:39:09,477 - mongo_saver - INFO - saving GBR successful
2020-05-25 23:39:09,479 - mongo_saver - INFO - saving GDP starts
2020-05-25 23:39:10,700 - mongo_saver - INFO - time used is 1.2212188243865967
2020-05-25 23:39:10,701 - mongo_saver - INFO - saving GDP successful
2020-05-25 23:39:10,703 - mongo_saver - INFO - saving GGN starts
2020-05-25 23:39:16,725 - mongo_saver - INFO - time used is 6.022150993347168
2020-05-25 23:39:16,726 - mongo_saver - INFO - saving GGN successful
2020-05-25 23:39:16,728 - mongo_saver - INFO - saving GGO starts
2020-05-25 23:39:17,523 - mongo_saver - INFO - time used is 0.7946205139160156
2020-05-25 23:39:17,525 - mongo_saver - INFO - saving GGO successful
2020-05-25 23:39:17,527 - mongo_saver - INFO - saving GLO starts
2020-05-25 23:39:23,088 - mongo_saver - INFO - time used is 5.561342477798462
2020-05-25 23:39:23,089 - mongo_saver - INFO - saving GLO successful
2020-05-25 23:39:23,090 - mongo_saver - INFO - saving GLQ starts
2020-05-25 23:39:28,732 - mongo_saver - INFO - time used is 5.641568660736084
2020-05-25 23:39:28,733 - mongo_saver - INFO - saving GLQ successful
2020-05-25 23:39:28,734 - mongo_saver - INFO - saving GLU starts
2020-05-25 23:39:34,814 - mongo_saver - INFO - time used is 6.08010196685791
2020-05-25 23:39:34,815 - mongo_saver - INFO - saving GLU successful
2020-05-25 23:39:34,816 - mongo_saver - INFO - saving GLV starts
2020-05-25 23:39:40,878 - mongo_saver - INFO - time used is 6.061862468719482
2020-05-25 23:39:40,879 - mongo_saver - INFO - saving GLV successful
2020-05-25 23:39:40,879 - mongo_saver - INFO - saving GMO starts
2020-05-25 23:39:46,556 - mongo_saver - INFO - time used is 5.676980018615723
2020-05-25 23:39:46,557 - mongo_saver - INFO - saving GMO successful
2020-05-25 23:39:46,558 - mongo_saver - INFO - saving GORO starts
2020-05-25 23:39:51,548 - mongo_saver - INFO - time used is 4.9901123046875
2020-05-25 23:39:51,549 - mongo_saver - INFO - saving GORO successful
2020-05-25 23:39:51,550 - mongo_saver - INFO - saving GPL starts
2020-05-25 23:39:56,951 - mongo_saver - INFO - time used is 5.401694059371948
2020-05-25 23:39:56,952 - mongo_saver - INFO - saving GPL successful
2020-05-25 23:39:56,953 - mongo_saver - INFO - saving GRF starts
2020-05-25 23:40:02,751 - mongo_saver - INFO - time used is 5.798128366470337
2020-05-25 23:40:02,752 - mongo_saver - INFO - saving GRF successful
2020-05-25 23:40:02,753 - mongo_saver - INFO - saving GSAT starts
2020-05-25 23:40:05,608 - mongo_saver - INFO - time used is 2.8548519611358643
2020-05-25 23:40:05,610 - mongo_saver - INFO - saving GSAT successful
2020-05-25 23:40:05,610 - mongo_saver - INFO - saving GSB starts
2020-05-25 23:40:11,984 - mongo_saver - INFO - time used is 6.37384033203125
2020-05-25 23:40:11,986 - mongo_saver - INFO - saving GSB successful
2020-05-25 23:40:11,987 - mongo_saver - INFO - saving GSS starts
2020-05-25 23:40:19,156 - mongo_saver - INFO - time used is 7.169097661972046
2020-05-25 23:40:19,156 - mongo_saver - INFO - saving GSS successful
2020-05-25 23:40:19,158 - mongo_saver - INFO - saving GSV starts
2020-05-25 23:40:22,777 - mongo_saver - INFO - time used is 3.6191375255584717
2020-05-25 23:40:22,778 - mongo_saver - INFO - saving GSV successful
2020-05-25 23:40:22,780 - mongo_saver - INFO - saving GTE starts
2020-05-25 23:40:28,230 - mongo_saver - INFO - time used is 5.449983358383179
2020-05-25 23:40:28,230 - mongo_saver - INFO - saving GTE successful
2020-05-25 23:40:28,232 - mongo_saver - INFO - saving GV starts
2020-05-25 23:40:36,142 - mongo_saver - INFO - time used is 7.909863710403442
2020-05-25 23:40:36,143 - mongo_saver - INFO - saving GV successful
2020-05-25 23:40:36,143 - mongo_saver - INFO - saving HMG starts
2020-05-25 23:40:39,693 - mongo_saver - INFO - time used is 3.549508810043335
2020-05-25 23:40:39,695 - mongo_saver - INFO - saving HMG successful
2020-05-25 23:40:39,696 - mongo_saver - INFO - saving HNW starts
2020-05-25 23:40:45,526 - mongo_saver - INFO - time used is 5.830195665359497
2020-05-25 23:40:45,526 - mongo_saver - INFO - saving HNW successful
2020-05-25 23:40:45,528 - mongo_saver - INFO - saving HUSA starts
2020-05-25 23:40:54,575 - mongo_saver - INFO - time used is 9.046307802200317
2020-05-25 23:40:54,576 - mongo_saver - INFO - saving HUSA successful
2020-05-25 23:40:54,577 - mongo_saver - INFO - saving IAF starts
2020-05-25 23:41:03,152 - mongo_saver - INFO - time used is 8.57511043548584
2020-05-25 23:41:03,153 - mongo_saver - INFO - saving IAF successful
2020-05-25 23:41:03,154 - mongo_saver - INFO - saving IBIO starts
2020-05-25 23:41:08,000 - mongo_saver - INFO - time used is 4.846458435058594
2020-05-25 23:41:08,000 - mongo_saver - INFO - saving IBIO successful
2020-05-25 23:41:08,002 - mongo_saver - INFO - saving IBO starts
2020-05-25 23:41:08,206 - mongo_saver - INFO - time used is 0.2039031982421875
2020-05-25 23:41:08,209 - mongo_saver - INFO - saving IBO successful
2020-05-25 23:41:08,211 - mongo_saver - INFO - saving IGC starts
2020-05-25 23:41:14,149 - mongo_saver - INFO - time used is 5.9380717277526855
2020-05-25 23:41:14,150 - mongo_saver - INFO - saving IGC successful
2020-05-25 23:41:14,152 - mongo_saver - INFO - saving IHT starts
2020-05-25 23:41:19,485 - mongo_saver - INFO - time used is 5.3324878215789795
2020-05-25 23:41:19,486 - mongo_saver - INFO - saving IHT successful
2020-05-25 23:41:19,487 - mongo_saver - INFO - saving IMH starts
2020-05-25 23:41:23,976 - mongo_saver - INFO - time used is 4.489662408828735
2020-05-25 23:41:23,978 - mongo_saver - INFO - saving IMH successful
2020-05-25 23:41:23,979 - mongo_saver - INFO - saving IMO starts
2020-05-25 23:41:34,484 - mongo_saver - INFO - time used is 10.505203247070312
2020-05-25 23:41:34,484 - mongo_saver - INFO - saving IMO successful
2020-05-25 23:41:34,486 - mongo_saver - INFO - saving INDO starts
2020-05-25 23:41:34,792 - mongo_saver - INFO - time used is 0.30585360527038574
2020-05-25 23:41:34,795 - mongo_saver - INFO - saving INDO successful
2020-05-25 23:41:34,796 - mongo_saver - INFO - saving INFU starts
2020-05-25 23:41:40,043 - mongo_saver - INFO - time used is 5.246340036392212
2020-05-25 23:41:40,045 - mongo_saver - INFO - saving INFU successful
2020-05-25 23:41:40,046 - mongo_saver - INFO - saving INS starts
2020-05-25 23:41:48,574 - mongo_saver - INFO - time used is 8.528395414352417
2020-05-25 23:41:48,575 - mongo_saver - INFO - saving INS successful
2020-05-25 23:41:48,576 - mongo_saver - INFO - saving INTT starts
2020-05-25 23:41:58,717 - mongo_saver - INFO - time used is 10.141435384750366
2020-05-25 23:41:58,721 - mongo_saver - INFO - saving INTT successful
2020-05-25 23:41:58,722 - mongo_saver - INFO - saving INUV starts
2020-05-25 23:42:08,229 - mongo_saver - INFO - time used is 9.506989240646362
2020-05-25 23:42:08,230 - mongo_saver - INFO - saving INUV successful
2020-05-25 23:42:08,231 - mongo_saver - INFO - saving IOR starts
2020-05-25 23:42:14,996 - mongo_saver - INFO - time used is 6.76436710357666
2020-05-25 23:42:14,998 - mongo_saver - INFO - saving IOR successful
2020-05-25 23:42:15,000 - mongo_saver - INFO - saving IPB starts
2020-05-25 23:42:21,883 - mongo_saver - INFO - time used is 6.88338303565979
2020-05-25 23:42:21,885 - mongo_saver - INFO - saving IPB successful
2020-05-25 23:42:21,886 - mongo_saver - INFO - saving ISDR starts
2020-05-25 23:42:27,034 - mongo_saver - INFO - time used is 5.147661447525024
2020-05-25 23:42:27,036 - mongo_saver - INFO - saving ISDR successful
2020-05-25 23:42:27,037 - mongo_saver - INFO - saving ISR starts
2020-05-25 23:42:33,666 - mongo_saver - INFO - time used is 6.628743648529053
2020-05-25 23:42:33,667 - mongo_saver - INFO - saving ISR successful
2020-05-25 23:42:33,673 - mongo_saver - INFO - saving ITP starts
2020-05-25 23:42:39,793 - mongo_saver - INFO - time used is 6.1202802658081055
2020-05-25 23:42:39,794 - mongo_saver - INFO - saving ITP successful
2020-05-25 23:42:39,796 - mongo_saver - INFO - saving JOB starts
2020-05-25 23:42:48,131 - mongo_saver - INFO - time used is 8.335608959197998
2020-05-25 23:42:48,132 - mongo_saver - INFO - saving JOB successful
2020-05-25 23:42:48,134 - mongo_saver - INFO - saving KIQ starts
2020-05-25 23:42:50,634 - mongo_saver - INFO - time used is 2.500478506088257
2020-05-25 23:42:50,636 - mongo_saver - INFO - saving KIQ successful
2020-05-25 23:42:50,637 - mongo_saver - INFO - saving KLR.WS starts
2020-05-25 23:42:51,562 - mongo_saver - INFO - time used is 0.9245576858520508
2020-05-25 23:42:51,565 - mongo_saver - INFO - saving KLR.WS successful
2020-05-25 23:42:51,569 - mongo_saver - INFO - saving KLR starts
2020-05-25 23:42:52,476 - mongo_saver - INFO - time used is 0.9072508811950684
2020-05-25 23:42:52,479 - mongo_saver - INFO - saving KLR successful
2020-05-25 23:42:52,485 - mongo_saver - INFO - saving LBY starts
2020-05-25 23:42:57,440 - mongo_saver - INFO - time used is 4.955587863922119
2020-05-25 23:42:57,441 - mongo_saver - INFO - saving LBY successful
2020-05-25 23:42:57,442 - mongo_saver - INFO - saving LCTX starts
2020-05-25 23:43:03,599 - mongo_saver - INFO - time used is 6.157106399536133
2020-05-25 23:43:03,600 - mongo_saver - INFO - saving LCTX successful
2020-05-25 23:43:03,601 - mongo_saver - INFO - saving LEU starts
2020-05-25 23:43:06,164 - mongo_saver - INFO - time used is 2.562953233718872
2020-05-25 23:43:06,166 - mongo_saver - INFO - saving LEU successful
2020-05-25 23:43:06,167 - mongo_saver - INFO - saving LGL starts
2020-05-25 23:43:13,307 - mongo_saver - INFO - time used is 7.140379905700684
2020-05-25 23:43:13,308 - mongo_saver - INFO - saving LGL successful
2020-05-25 23:43:13,310 - mongo_saver - INFO - saving LLEX starts
2020-05-25 23:43:17,734 - mongo_saver - INFO - time used is 4.424544095993042
2020-05-25 23:43:17,735 - mongo_saver - INFO - saving LLEX successful
2020-05-25 23:43:17,736 - mongo_saver - INFO - saving LNG starts
2020-05-25 23:43:26,070 - mongo_saver - INFO - time used is 8.333954334259033
2020-05-25 23:43:26,070 - mongo_saver - INFO - saving LNG successful
2020-05-25 23:43:26,071 - mongo_saver - INFO - saving LODE starts
2020-05-25 23:43:34,908 - mongo_saver - INFO - time used is 8.836870193481445
2020-05-25 23:43:34,908 - mongo_saver - INFO - saving LODE successful
2020-05-25 23:43:34,910 - mongo_saver - INFO - saving LOV starts
2020-05-25 23:43:41,130 - mongo_saver - INFO - time used is 6.220220327377319
2020-05-25 23:43:41,132 - mongo_saver - INFO - saving LOV successful
2020-05-25 23:43:41,133 - mongo_saver - INFO - saving MAG starts
2020-05-25 23:43:47,351 - mongo_saver - INFO - time used is 6.217459440231323
2020-05-25 23:43:47,352 - mongo_saver - INFO - saving MAG successful
2020-05-25 23:43:47,353 - mongo_saver - INFO - saving MCF starts
2020-05-25 23:43:56,494 - mongo_saver - INFO - time used is 9.141249418258667
2020-05-25 23:43:56,495 - mongo_saver - INFO - saving MCF successful
2020-05-25 23:43:56,499 - mongo_saver - INFO - saving MHH starts
2020-05-25 23:44:02,134 - mongo_saver - INFO - time used is 5.634118318557739
2020-05-25 23:44:02,135 - mongo_saver - INFO - saving MHH successful
2020-05-25 23:44:02,136 - mongo_saver - INFO - saving MLSS starts
2020-05-25 23:44:08,030 - mongo_saver - INFO - time used is 5.8938939571380615
2020-05-25 23:44:08,032 - mongo_saver - INFO - saving MLSS successful
2020-05-25 23:44:08,033 - mongo_saver - INFO - saving MMX starts
2020-05-25 23:44:09,705 - mongo_saver - INFO - time used is 1.6719355583190918
2020-05-25 23:44:09,708 - mongo_saver - INFO - saving MMX successful
2020-05-25 23:44:09,709 - mongo_saver - INFO - saving MSN starts
2020-05-25 23:44:19,494 - mongo_saver - INFO - time used is 9.78508710861206
2020-05-25 23:44:19,495 - mongo_saver - INFO - saving MSN successful
2020-05-25 23:44:19,496 - mongo_saver - INFO - saving MTA starts
2020-05-25 23:44:22,148 - mongo_saver - INFO - time used is 2.651404619216919
2020-05-25 23:44:22,150 - mongo_saver - INFO - saving MTA successful
2020-05-25 23:44:22,152 - mongo_saver - INFO - saving MTNB starts
2020-05-25 23:44:24,920 - mongo_saver - INFO - time used is 2.768141508102417
2020-05-25 23:44:24,922 - mongo_saver - INFO - saving MTNB successful
2020-05-25 23:44:24,924 - mongo_saver - INFO - saving MXC starts
2020-05-25 23:44:33,245 - mongo_saver - INFO - time used is 8.32179856300354
2020-05-25 23:44:33,246 - mongo_saver - INFO - saving MXC successful
2020-05-25 23:44:33,248 - mongo_saver - INFO - saving MYO starts
2020-05-25 23:44:35,258 - mongo_saver - INFO - time used is 2.0099833011627197
2020-05-25 23:44:35,261 - mongo_saver - INFO - saving MYO successful
2020-05-25 23:44:35,262 - mongo_saver - INFO - saving NAK starts
2020-05-25 23:44:43,364 - mongo_saver - INFO - time used is 8.101304054260254
2020-05-25 23:44:43,365 - mongo_saver - INFO - saving NAK successful
2020-05-25 23:44:43,366 - mongo_saver - INFO - saving NAVB starts
2020-05-25 23:44:53,155 - mongo_saver - INFO - time used is 9.788798570632935
2020-05-25 23:44:53,156 - mongo_saver - INFO - saving NAVB successful
2020-05-25 23:44:53,157 - mongo_saver - INFO - saving NBH starts
2020-05-25 23:45:02,085 - mongo_saver - INFO - time used is 8.928596019744873
2020-05-25 23:45:02,086 - mongo_saver - INFO - saving NBH successful
2020-05-25 23:45:02,087 - mongo_saver - INFO - saving NBO starts
2020-05-25 23:45:10,696 - mongo_saver - INFO - time used is 8.608856201171875
2020-05-25 23:45:10,697 - mongo_saver - INFO - saving NBO successful
2020-05-25 23:45:10,698 - mongo_saver - INFO - saving NBW starts
2020-05-25 23:45:20,095 - mongo_saver - INFO - time used is 9.397006034851074
2020-05-25 23:45:20,096 - mongo_saver - INFO - saving NBW successful
2020-05-25 23:45:20,100 - mongo_saver - INFO - saving NBY starts
2020-05-25 23:45:26,241 - mongo_saver - INFO - time used is 6.1404948234558105
2020-05-25 23:45:26,241 - mongo_saver - INFO - saving NBY successful
2020-05-25 23:45:26,242 - mongo_saver - INFO - saving NEN starts
2020-05-25 23:45:33,561 - mongo_saver - INFO - time used is 7.318279266357422
2020-05-25 23:45:33,562 - mongo_saver - INFO - saving NEN successful
2020-05-25 23:45:33,563 - mongo_saver - INFO - saving NES starts
2020-05-25 23:45:34,859 - mongo_saver - INFO - time used is 1.2959892749786377
2020-05-25 23:45:34,862 - mongo_saver - INFO - saving NES successful
2020-05-25 23:45:34,864 - mongo_saver - INFO - saving NGD starts
2020-05-25 23:45:42,708 - mongo_saver - INFO - time used is 7.844070196151733
2020-05-25 23:45:42,709 - mongo_saver - INFO - saving NGD successful
2020-05-25 23:45:42,710 - mongo_saver - INFO - saving NG starts
2020-05-25 23:45:51,073 - mongo_saver - INFO - time used is 8.362972021102905
2020-05-25 23:45:51,074 - mongo_saver - INFO - saving NG successful
2020-05-25 23:45:51,077 - mongo_saver - INFO - saving NHC starts
2020-05-25 23:46:01,592 - mongo_saver - INFO - time used is 10.515196561813354
2020-05-25 23:46:01,592 - mongo_saver - INFO - saving NHC successful
2020-05-25 23:46:01,594 - mongo_saver - INFO - saving NHS starts
2020-05-25 23:46:07,480 - mongo_saver - INFO - time used is 5.885754823684692
2020-05-25 23:46:07,481 - mongo_saver - INFO - saving NHS successful
2020-05-25 23:46:07,482 - mongo_saver - INFO - saving NML starts
2020-05-25 23:46:13,637 - mongo_saver - INFO - time used is 6.15545916557312
2020-05-25 23:46:13,640 - mongo_saver - INFO - saving NML successful
2020-05-25 23:46:13,641 - mongo_saver - INFO - saving NNVC starts
2020-05-25 23:46:20,274 - mongo_saver - INFO - time used is 6.633219957351685
2020-05-25 23:46:20,275 - mongo_saver - INFO - saving NNVC successful
2020-05-25 23:46:20,276 - mongo_saver - INFO - saving NOG starts
2020-05-25 23:46:26,513 - mongo_saver - INFO - time used is 6.236205816268921
2020-05-25 23:46:26,515 - mongo_saver - INFO - saving NOG successful
2020-05-25 23:46:26,517 - mongo_saver - INFO - saving NRO starts
2020-05-25 23:46:34,405 - mongo_saver - INFO - time used is 7.8886682987213135
2020-05-25 23:46:34,405 - mongo_saver - INFO - saving NRO successful
2020-05-25 23:46:34,406 - mongo_saver - INFO - saving NSPR.WS.B starts
2020-05-25 23:46:35,328 - mongo_saver - INFO - time used is 0.9202175140380859
2020-05-25 23:46:35,330 - mongo_saver - INFO - saving NSPR.WS.B successful
2020-05-25 23:46:35,330 - mongo_saver - INFO - saving NSPR.WS starts
2020-05-25 23:46:36,243 - mongo_saver - INFO - time used is 0.9121067523956299
2020-05-25 23:46:36,245 - mongo_saver - INFO - saving NSPR.WS successful
2020-05-25 23:46:36,245 - mongo_saver - INFO - saving NSPR starts
2020-05-25 23:46:40,047 - mongo_saver - INFO - time used is 3.801907777786255
2020-05-25 23:46:40,049 - mongo_saver - INFO - saving NSPR successful
2020-05-25 23:46:40,050 - mongo_saver - INFO - saving NTIP starts
2020-05-25 23:46:47,939 - mongo_saver - INFO - time used is 7.889538764953613
2020-05-25 23:46:47,939 - mongo_saver - INFO - saving NTIP successful
2020-05-25 23:46:47,941 - mongo_saver - INFO - saving NTN starts
2020-05-25 23:46:56,309 - mongo_saver - INFO - time used is 8.368249893188477
2020-05-25 23:46:56,310 - mongo_saver - INFO - saving NTN successful
2020-05-25 23:46:56,312 - mongo_saver - INFO - saving NXE starts
2020-05-25 23:46:57,637 - mongo_saver - INFO - time used is 1.324920892715454
2020-05-25 23:46:57,640 - mongo_saver - INFO - saving NXE successful
2020-05-25 23:46:57,645 - mongo_saver - INFO - saving OBLG starts
2020-05-25 23:47:05,880 - mongo_saver - INFO - time used is 8.235061645507812
2020-05-25 23:47:05,883 - mongo_saver - INFO - saving OBLG successful
2020-05-25 23:47:05,883 - mongo_saver - INFO - saving OCX starts
2020-05-25 23:47:07,718 - mongo_saver - INFO - time used is 1.8346679210662842
2020-05-25 23:47:07,720 - mongo_saver - INFO - saving OCX successful
2020-05-25 23:47:07,722 - mongo_saver - INFO - saving OGEN starts
2020-05-25 23:47:10,854 - mongo_saver - INFO - time used is 3.132174015045166
2020-05-25 23:47:10,856 - mongo_saver - INFO - saving OGEN successful
2020-05-25 23:47:10,857 - mongo_saver - INFO - saving PED starts
2020-05-25 23:47:17,619 - mongo_saver - INFO - time used is 6.762175798416138
2020-05-25 23:47:17,620 - mongo_saver - INFO - saving PED successful
2020-05-25 23:47:17,624 - mongo_saver - INFO - saving PFNX starts
2020-05-25 23:47:19,947 - mongo_saver - INFO - time used is 2.3229167461395264
2020-05-25 23:47:19,949 - mongo_saver - INFO - saving PFNX successful
2020-05-25 23:47:19,950 - mongo_saver - INFO - saving PHGE.U starts
2020-05-25 23:47:20,261 - mongo_saver - INFO - time used is 0.3108525276184082
2020-05-25 23:47:20,263 - mongo_saver - INFO - saving PHGE.U successful
2020-05-25 23:47:20,265 - mongo_saver - INFO - saving PHGE.WS starts
2020-05-25 23:47:20,661 - mongo_saver - INFO - time used is 0.3958113193511963
2020-05-25 23:47:20,663 - mongo_saver - INFO - saving PHGE.WS successful
2020-05-25 23:47:20,665 - mongo_saver - INFO - saving PHGE starts
2020-05-25 23:47:21,099 - mongo_saver - INFO - time used is 0.4343898296356201
2020-05-25 23:47:21,101 - mongo_saver - INFO - saving PHGE successful
2020-05-25 23:47:21,103 - mongo_saver - INFO - saving PLAG starts
2020-05-25 23:47:25,250 - mongo_saver - INFO - time used is 4.146519660949707
2020-05-25 23:47:25,252 - mongo_saver - INFO - saving PLAG successful
2020-05-25 23:47:25,253 - mongo_saver - INFO - saving PLG starts
2020-05-25 23:47:31,505 - mongo_saver - INFO - time used is 6.252100229263306
2020-05-25 23:47:31,506 - mongo_saver - INFO - saving PLG successful
2020-05-25 23:47:31,508 - mongo_saver - INFO - saving PLM starts
2020-05-25 23:47:38,493 - mongo_saver - INFO - time used is 6.984796047210693
2020-05-25 23:47:38,494 - mongo_saver - INFO - saving PLM successful
2020-05-25 23:47:38,496 - mongo_saver - INFO - saving PLX starts
2020-05-25 23:47:44,160 - mongo_saver - INFO - time used is 5.664788007736206
2020-05-25 23:47:44,161 - mongo_saver - INFO - saving PLX successful
2020-05-25 23:47:44,167 - mongo_saver - INFO - saving PRK starts
2020-05-25 23:47:52,054 - mongo_saver - INFO - time used is 7.8860533237457275
2020-05-25 23:47:52,055 - mongo_saver - INFO - saving PRK successful
2020-05-25 23:47:52,059 - mongo_saver - INFO - saving PTN starts
2020-05-25 23:47:59,908 - mongo_saver - INFO - time used is 7.849764585494995
2020-05-25 23:47:59,909 - mongo_saver - INFO - saving PTN successful
2020-05-25 23:47:59,914 - mongo_saver - INFO - saving PW starts
2020-05-25 23:48:10,336 - mongo_saver - INFO - time used is 10.421730279922485
2020-05-25 23:48:10,337 - mongo_saver - INFO - saving PW successful
2020-05-25 23:48:10,338 - mongo_saver - INFO - saving PZG starts
2020-05-25 23:48:16,652 - mongo_saver - INFO - time used is 6.313872337341309
2020-05-25 23:48:16,652 - mongo_saver - INFO - saving PZG successful
2020-05-25 23:48:16,653 - mongo_saver - INFO - saving RCG starts
2020-05-25 23:48:23,557 - mongo_saver - INFO - time used is 6.904292345046997
2020-05-25 23:48:23,558 - mongo_saver - INFO - saving RCG successful
2020-05-25 23:48:23,559 - mongo_saver - INFO - saving REI starts
2020-05-25 23:48:27,985 - mongo_saver - INFO - time used is 4.4259538650512695
2020-05-25 23:48:27,987 - mongo_saver - INFO - saving REI successful
2020-05-25 23:48:27,988 - mongo_saver - INFO - saving RHE starts
2020-05-25 23:48:29,599 - mongo_saver - INFO - time used is 1.6109483242034912
2020-05-25 23:48:29,602 - mongo_saver - INFO - saving RHE successful
2020-05-25 23:48:29,602 - mongo_saver - INFO - saving RIF starts
2020-05-25 23:48:34,107 - mongo_saver - INFO - time used is 4.5049889087677
2020-05-25 23:48:34,110 - mongo_saver - INFO - saving RIF successful
2020-05-25 23:48:34,111 - mongo_saver - INFO - saving RLGT starts
2020-05-25 23:48:38,652 - mongo_saver - INFO - time used is 4.541200637817383
2020-05-25 23:48:38,655 - mongo_saver - INFO - saving RLGT successful
2020-05-25 23:48:38,656 - mongo_saver - INFO - saving RVP starts
2020-05-25 23:48:47,970 - mongo_saver - INFO - time used is 9.314260721206665
2020-05-25 23:48:47,971 - mongo_saver - INFO - saving RVP successful
2020-05-25 23:48:47,972 - mongo_saver - INFO - saving SACC starts
2020-05-25 23:48:48,367 - mongo_saver - INFO - time used is 0.39481186866760254
2020-05-25 23:48:48,370 - mongo_saver - INFO - saving SACC successful
2020-05-25 23:48:48,373 - mongo_saver - INFO - saving SACH starts
2020-05-25 23:48:50,134 - mongo_saver - INFO - time used is 1.760739803314209
2020-05-25 23:48:50,136 - mongo_saver - INFO - saving SACH successful
2020-05-25 23:48:50,137 - mongo_saver - INFO - saving SCCB starts
2020-05-25 23:48:50,678 - mongo_saver - INFO - time used is 0.5412065982818604
2020-05-25 23:48:50,680 - mongo_saver - INFO - saving SCCB successful
2020-05-25 23:48:50,681 - mongo_saver - INFO - saving SDI starts
2020-05-25 23:48:51,792 - mongo_saver - INFO - time used is 1.1111538410186768
2020-05-25 23:48:51,794 - mongo_saver - INFO - saving SDI successful
2020-05-25 23:48:51,795 - mongo_saver - INFO - saving SDPI starts
2020-05-25 23:48:54,955 - mongo_saver - INFO - time used is 3.1595520973205566
2020-05-25 23:48:54,958 - mongo_saver - INFO - saving SDPI successful
2020-05-25 23:48:54,958 - mongo_saver - INFO - saving SEB starts
2020-05-25 23:49:05,523 - mongo_saver - INFO - time used is 10.565058946609497
2020-05-25 23:49:05,523 - mongo_saver - INFO - saving SEB successful
2020-05-25 23:49:05,525 - mongo_saver - INFO - saving SENS starts
2020-05-25 23:49:07,780 - mongo_saver - INFO - time used is 2.254988670349121
2020-05-25 23:49:07,783 - mongo_saver - INFO - saving SENS successful
2020-05-25 23:49:07,785 - mongo_saver - INFO - saving SIF starts
2020-05-25 23:49:17,910 - mongo_saver - INFO - time used is 10.124833345413208
2020-05-25 23:49:17,910 - mongo_saver - INFO - saving SIF successful
2020-05-25 23:49:17,911 - mongo_saver - INFO - saving SILV starts
2020-05-25 23:49:23,045 - mongo_saver - INFO - time used is 5.13407564163208
2020-05-25 23:49:23,047 - mongo_saver - INFO - saving SILV successful
2020-05-25 23:49:23,049 - mongo_saver - INFO - saving SIM starts
2020-05-25 23:49:32,202 - mongo_saver - INFO - time used is 9.152963876724243
2020-05-25 23:49:32,203 - mongo_saver - INFO - saving SIM successful
2020-05-25 23:49:32,205 - mongo_saver - INFO - saving SMTS starts
2020-05-25 23:49:33,899 - mongo_saver - INFO - time used is 1.6936519145965576
2020-05-25 23:49:33,901 - mongo_saver - INFO - saving SMTS successful
2020-05-25 23:49:33,903 - mongo_saver - INFO - saving SNMP starts
2020-05-25 23:49:40,828 - mongo_saver - INFO - time used is 6.925981044769287
2020-05-25 23:49:40,829 - mongo_saver - INFO - saving SNMP successful
2020-05-25 23:49:40,831 - mongo_saver - INFO - saving SSY starts
2020-05-25 23:49:50,684 - mongo_saver - INFO - time used is 9.852131843566895
2020-05-25 23:49:50,686 - mongo_saver - INFO - saving SSY successful
2020-05-25 23:49:50,688 - mongo_saver - INFO - saving STXS starts
2020-05-25 23:49:59,518 - mongo_saver - INFO - time used is 8.830641746520996
2020-05-25 23:49:59,522 - mongo_saver - INFO - saving STXS successful
2020-05-25 23:49:59,523 - mongo_saver - INFO - saving SVM starts
2020-05-25 23:50:01,219 - mongo_saver - INFO - time used is 1.6952626705169678
2020-05-25 23:50:01,222 - mongo_saver - INFO - saving SVM successful
2020-05-25 23:50:01,225 - mongo_saver - INFO - saving SVT starts
2020-05-25 23:50:08,714 - mongo_saver - INFO - time used is 7.489773511886597
2020-05-25 23:50:08,715 - mongo_saver - INFO - saving SVT successful
2020-05-25 23:50:08,716 - mongo_saver - INFO - saving SYN starts
2020-05-25 23:50:19,775 - mongo_saver - INFO - time used is 11.058763265609741
2020-05-25 23:50:19,775 - mongo_saver - INFO - saving SYN successful
2020-05-25 23:50:19,776 - mongo_saver - INFO - saving TALO.WS starts
2020-05-25 23:50:21,596 - mongo_saver - INFO - time used is 1.8198814392089844
2020-05-25 23:50:21,599 - mongo_saver - INFO - saving TALO.WS successful
2020-05-25 23:50:21,600 - mongo_saver - INFO - saving TAT starts
2020-05-25 23:50:29,386 - mongo_saver - INFO - time used is 7.7863078117370605
2020-05-25 23:50:29,387 - mongo_saver - INFO - saving TAT successful
2020-05-25 23:50:29,388 - mongo_saver - INFO - saving TDW.WS starts
2020-05-25 23:50:30,314 - mongo_saver - INFO - time used is 0.9261033535003662
2020-05-25 23:50:30,317 - mongo_saver - INFO - saving TDW.WS successful
2020-05-25 23:50:30,318 - mongo_saver - INFO - saving TGB starts
2020-05-25 23:50:40,580 - mongo_saver - INFO - time used is 10.261796474456787
2020-05-25 23:50:40,581 - mongo_saver - INFO - saving TGB successful
2020-05-25 23:50:40,585 - mongo_saver - INFO - saving TGC starts
2020-05-25 23:50:50,507 - mongo_saver - INFO - time used is 9.921542167663574
2020-05-25 23:50:50,508 - mongo_saver - INFO - saving TGC successful
2020-05-25 23:50:50,509 - mongo_saver - INFO - saving THM starts
2020-05-25 23:50:56,970 - mongo_saver - INFO - time used is 6.460857629776001
2020-05-25 23:50:56,971 - mongo_saver - INFO - saving THM successful
2020-05-25 23:50:56,973 - mongo_saver - INFO - saving TKAT starts
2020-05-25 23:51:02,115 - mongo_saver - INFO - time used is 5.142382621765137
2020-05-25 23:51:02,117 - mongo_saver - INFO - saving TKAT successful
2020-05-25 23:51:02,118 - mongo_saver - INFO - saving TMBR starts
2020-05-25 23:51:04,704 - mongo_saver - INFO - time used is 2.5862667560577393
2020-05-25 23:51:04,706 - mongo_saver - INFO - saving TMBR successful
2020-05-25 23:51:04,707 - mongo_saver - INFO - saving TMP starts
2020-05-25 23:51:14,335 - mongo_saver - INFO - time used is 9.62743854522705
2020-05-25 23:51:14,335 - mongo_saver - INFO - saving TMP successful
2020-05-25 23:51:14,336 - mongo_saver - INFO - saving TMQ starts
2020-05-25 23:51:18,126 - mongo_saver - INFO - time used is 3.7906243801116943
2020-05-25 23:51:18,128 - mongo_saver - INFO - saving TMQ successful
2020-05-25 23:51:18,129 - mongo_saver - INFO - saving TPHS starts
2020-05-25 23:51:21,281 - mongo_saver - INFO - time used is 3.151676893234253
2020-05-25 23:51:21,283 - mongo_saver - INFO - saving TPHS successful
2020-05-25 23:51:21,284 - mongo_saver - INFO - saving TRT starts
2020-05-25 23:51:29,837 - mongo_saver - INFO - time used is 8.551853895187378
2020-05-25 23:51:29,837 - mongo_saver - INFO - saving TRT successful
2020-05-25 23:51:29,840 - mongo_saver - INFO - saving TRXC starts
2020-05-25 23:51:37,907 - mongo_saver - INFO - time used is 8.067620515823364
2020-05-25 23:51:37,908 - mongo_saver - INFO - saving TRXC successful
2020-05-25 23:51:37,909 - mongo_saver - INFO - saving TRX starts
2020-05-25 23:51:46,229 - mongo_saver - INFO - time used is 8.319736957550049
2020-05-25 23:51:46,230 - mongo_saver - INFO - saving TRX successful
2020-05-25 23:51:46,231 - mongo_saver - INFO - saving UAMY starts
2020-05-25 23:51:54,659 - mongo_saver - INFO - time used is 8.426884174346924
2020-05-25 23:51:54,659 - mongo_saver - INFO - saving UAMY successful
2020-05-25 23:51:54,661 - mongo_saver - INFO - saving UAVS starts
2020-05-25 23:51:57,569 - mongo_saver - INFO - time used is 2.9080653190612793
2020-05-25 23:51:57,571 - mongo_saver - INFO - saving UAVS successful
2020-05-25 23:51:57,572 - mongo_saver - INFO - saving UEC starts
2020-05-25 23:52:04,487 - mongo_saver - INFO - time used is 6.914141654968262
2020-05-25 23:52:04,488 - mongo_saver - INFO - saving UEC successful
2020-05-25 23:52:04,489 - mongo_saver - INFO - saving UFAB starts
2020-05-25 23:52:06,916 - mongo_saver - INFO - time used is 2.4269917011260986
2020-05-25 23:52:06,918 - mongo_saver - INFO - saving UFAB successful
2020-05-25 23:52:06,921 - mongo_saver - INFO - saving URG starts
2020-05-25 23:52:12,590 - mongo_saver - INFO - time used is 5.66888165473938
2020-05-25 23:52:12,592 - mongo_saver - INFO - saving URG successful
2020-05-25 23:52:12,593 - mongo_saver - INFO - saving USAS starts
2020-05-25 23:52:14,263 - mongo_saver - INFO - time used is 1.6699445247650146
2020-05-25 23:52:14,266 - mongo_saver - INFO - saving USAS successful
2020-05-25 23:52:14,267 - mongo_saver - INFO - saving UTG starts
2020-05-25 23:52:21,811 - mongo_saver - INFO - time used is 7.5437726974487305
2020-05-25 23:52:21,812 - mongo_saver - INFO - saving UTG successful
2020-05-25 23:52:21,813 - mongo_saver - INFO - saving UUUU.WS starts
2020-05-25 23:52:22,918 - mongo_saver - INFO - time used is 1.1053352355957031
2020-05-25 23:52:22,921 - mongo_saver - INFO - saving UUUU.WS successful
2020-05-25 23:52:22,924 - mongo_saver - INFO - saving UUUU starts
2020-05-25 23:52:29,385 - mongo_saver - INFO - time used is 6.460875988006592
2020-05-25 23:52:29,386 - mongo_saver - INFO - saving UUUU successful
2020-05-25 23:52:29,387 - mongo_saver - INFO - saving UUU starts
2020-05-25 23:52:37,986 - mongo_saver - INFO - time used is 8.598746299743652
2020-05-25 23:52:37,987 - mongo_saver - INFO - saving UUU successful
2020-05-25 23:52:37,989 - mongo_saver - INFO - saving VCF starts
2020-05-25 23:52:47,781 - mongo_saver - INFO - time used is 9.791994571685791
2020-05-25 23:52:47,781 - mongo_saver - INFO - saving VCF successful
2020-05-25 23:52:47,782 - mongo_saver - INFO - saving VFL starts
2020-05-25 23:52:57,267 - mongo_saver - INFO - time used is 9.484793901443481
2020-05-25 23:52:57,269 - mongo_saver - INFO - saving VFL successful
2020-05-25 23:52:57,272 - mongo_saver - INFO - saving VGZ starts
2020-05-25 23:53:08,049 - mongo_saver - INFO - time used is 10.77662706375122
2020-05-25 23:53:08,049 - mongo_saver - INFO - saving VGZ successful
2020-05-25 23:53:08,050 - mongo_saver - INFO - saving VHC starts
2020-05-25 23:53:16,716 - mongo_saver - INFO - time used is 8.666214942932129
2020-05-25 23:53:16,717 - mongo_saver - INFO - saving VHC successful
2020-05-25 23:53:16,718 - mongo_saver - INFO - saving VKI starts
2020-05-25 23:53:26,877 - mongo_saver - INFO - time used is 10.158956527709961
2020-05-25 23:53:26,877 - mongo_saver - INFO - saving VKI successful
2020-05-25 23:53:26,879 - mongo_saver - INFO - saving VMM starts
2020-05-25 23:53:36,326 - mongo_saver - INFO - time used is 9.446567058563232
2020-05-25 23:53:36,327 - mongo_saver - INFO - saving VMM successful
2020-05-25 23:53:36,327 - mongo_saver - INFO - saving VNRX starts
2020-05-25 23:53:40,453 - mongo_saver - INFO - time used is 4.126367807388306
2020-05-25 23:53:40,455 - mongo_saver - INFO - saving VNRX successful
2020-05-25 23:53:40,456 - mongo_saver - INFO - saving VOLT starts
2020-05-25 23:53:43,181 - mongo_saver - INFO - time used is 2.7250256538391113
2020-05-25 23:53:43,182 - mongo_saver - INFO - saving VOLT successful
2020-05-25 23:53:43,183 - mongo_saver - INFO - saving WRN starts
2020-05-25 23:53:47,775 - mongo_saver - INFO - time used is 4.591872453689575
2020-05-25 23:53:47,778 - mongo_saver - INFO - saving WRN successful
2020-05-25 23:53:47,779 - mongo_saver - INFO - saving WTT starts
2020-05-25 23:53:57,362 - mongo_saver - INFO - time used is 9.583215713500977
2020-05-25 23:53:57,364 - mongo_saver - INFO - saving WTT successful
2020-05-25 23:53:57,367 - mongo_saver - INFO - saving WYY starts
2020-05-25 23:54:07,005 - mongo_saver - INFO - time used is 9.637706756591797
2020-05-25 23:54:07,006 - mongo_saver - INFO - saving WYY successful
2020-05-25 23:54:07,010 - mongo_saver - INFO - saving XPL starts
2020-05-25 23:54:14,493 - mongo_saver - INFO - time used is 7.483180046081543
2020-05-25 23:54:14,494 - mongo_saver - INFO - saving XPL successful
2020-05-25 23:54:14,495 - mongo_saver - INFO - saving XTNT starts
2020-05-25 23:54:16,704 - mongo_saver - INFO - time used is 2.209054470062256
2020-05-25 23:54:16,706 - mongo_saver - INFO - saving XTNT successful
2020-05-25 23:54:16,709 - mongo_saver - INFO - saving XXII starts
2020-05-25 23:54:20,845 - mongo_saver - INFO - time used is 4.135859489440918
2020-05-25 23:54:20,847 - mongo_saver - INFO - saving XXII successful
2020-05-25 23:54:20,849 - mongo_saver - INFO - saving YCBD starts
2020-05-25 23:54:22,081 - mongo_saver - INFO - time used is 1.2316291332244873
2020-05-25 23:54:22,084 - mongo_saver - INFO - saving YCBD successful
2020-05-25 23:54:22,085 - mongo_saver - INFO - saving ZDGE starts
2020-05-25 23:54:24,048 - mongo_saver - INFO - time used is 1.963151454925537
2020-05-25 23:54:24,049 - mongo_saver - INFO - saving ZDGE successful
2020-05-25 23:54:24,051 - mongo_saver - INFO - saving ZOM starts
2020-05-25 23:54:25,609 - mongo_saver - INFO - time used is 1.5580604076385498
2020-05-25 23:54:25,612 - mongo_saver - INFO - saving ZOM successful
